<?xml version="1.0" encoding="UTF-8"?>
<!-- Generated by org.testng.reporters.JUnitReportReporter -->
<testsuite hostname="Ranjith-290B2G2" failures="0" tests="21" name="com.testcases.XphenoSearch" time="1286.096" errors="1" timestamp="2024-02-21T16:03:51 IST" skipped="16">
  <testcase classname="com.testcases.XphenoSearch" name="xphenoSearch13" time="55.439">
    <skipped/>
  </testcase> <!-- xphenoSearch13 -->
  <system-out/>
  <testcase classname="com.testcases.XphenoSearch" name="xphenoSearch14" time="127.017"/>
  <system-out/>
  <testcase classname="com.testcases.XphenoSearch" name="xphenoSearch10" time="51.735">
    <skipped/>
  </testcase> <!-- xphenoSearch10 -->
  <system-out/>
  <testcase classname="com.testcases.XphenoSearch" name="xphenoSearch16" time="74.815">
    <skipped/>
  </testcase> <!-- xphenoSearch16 -->
  <system-out/>
  <testcase classname="com.testcases.XphenoSearch" name="invokeApp" time="81.727">
    <error message="no such execution context
  (Session info: chrome=121.0.6167.185)
Build info: version: &#039;4.12.1&#039;, revision: &#039;8e34639b11&#039;
System info: os.name: &#039;Windows 10&#039;, os.arch: &#039;amd64&#039;, os.version: &#039;10.0&#039;, java.version: &#039;17.0.8.1&#039;
Driver info: org.openqa.selenium.chrome.ChromeDriver
Command: [dc5b24617b17d87b27ae2143b014e802, maximizeCurrentWindow {}]
Capabilities {acceptInsecureCerts: false, browserName: chrome, browserVersion: 121.0.6167.185, chrome: {chromedriverVersion: 121.0.6167.184 (057a8ae7deb..., userDataDir: C:\Users\RANJIT~1.SIV\AppDa...}, fedcm:accounts: true, goog:chromeOptions: {debuggerAddress: localhost:51167}, networkConnectionEnabled: false, pageLoadStrategy: normal, platformName: windows, proxy: Proxy(), se:cdp: ws://localhost:51167/devtoo..., se:cdpVersion: 121.0.6167.185, setWindowRect: true, strictFileInteractability: false, timeouts: {implicit: 0, pageLoad: 300000, script: 30000}, unhandledPromptBehavior: dismiss and notify, webauthn:extension:credBlob: true, webauthn:extension:largeBlob: true, webauthn:extension:minPinLength: true, webauthn:extension:prf: true, webauthn:virtualAuthenticators: true}
Session ID: dc5b24617b17d87b27ae2143b014e802" type="org.openqa.selenium.WebDriverException">
      <![CDATA[org.openqa.selenium.WebDriverException: no such execution context
  (Session info: chrome=121.0.6167.185)
Build info: version: '4.12.1', revision: '8e34639b11'
System info: os.name: 'Windows 10', os.arch: 'amd64', os.version: '10.0', java.version: '17.0.8.1'
Driver info: org.openqa.selenium.chrome.ChromeDriver
Command: [dc5b24617b17d87b27ae2143b014e802, maximizeCurrentWindow {}]
Capabilities {acceptInsecureCerts: false, browserName: chrome, browserVersion: 121.0.6167.185, chrome: {chromedriverVersion: 121.0.6167.184 (057a8ae7deb..., userDataDir: C:\Users\RANJIT~1.SIV\AppDa...}, fedcm:accounts: true, goog:chromeOptions: {debuggerAddress: localhost:51167}, networkConnectionEnabled: false, pageLoadStrategy: normal, platformName: windows, proxy: Proxy(), se:cdp: ws://localhost:51167/devtoo..., se:cdpVersion: 121.0.6167.185, setWindowRect: true, strictFileInteractability: false, timeouts: {implicit: 0, pageLoad: 300000, script: 30000}, unhandledPromptBehavior: dismiss and notify, webauthn:extension:credBlob: true, webauthn:extension:largeBlob: true, webauthn:extension:minPinLength: true, webauthn:extension:prf: true, webauthn:virtualAuthenticators: true}
Session ID: dc5b24617b17d87b27ae2143b014e802
at java.base/jdk.internal.reflect.NativeConstructorAccessorImpl.newInstance0(Native Method)
at java.base/jdk.internal.reflect.NativeConstructorAccessorImpl.newInstance(NativeConstructorAccessorImpl.java:77)
at java.base/jdk.internal.reflect.DelegatingConstructorAccessorImpl.newInstance(DelegatingConstructorAccessorImpl.java:45)
at java.base/java.lang.reflect.Constructor.newInstanceWithCaller(Constructor.java:499)
at java.base/java.lang.reflect.Constructor.newInstance(Constructor.java:480)
at org.openqa.selenium.remote.codec.w3c.W3CHttpResponseCodec.createException(W3CHttpResponseCodec.java:200)
at org.openqa.selenium.remote.codec.w3c.W3CHttpResponseCodec.decode(W3CHttpResponseCodec.java:133)
at org.openqa.selenium.remote.codec.w3c.W3CHttpResponseCodec.decode(W3CHttpResponseCodec.java:52)
at org.openqa.selenium.remote.HttpCommandExecutor.execute(HttpCommandExecutor.java:191)
at org.openqa.selenium.remote.service.DriverCommandExecutor.invokeExecute(DriverCommandExecutor.java:196)
at org.openqa.selenium.remote.service.DriverCommandExecutor.execute(DriverCommandExecutor.java:171)
at org.openqa.selenium.remote.RemoteWebDriver.execute(RemoteWebDriver.java:602)
at org.openqa.selenium.remote.RemoteWebDriver.execute(RemoteWebDriver.java:675)
at org.openqa.selenium.remote.RemoteWebDriver.execute(RemoteWebDriver.java:679)
at org.openqa.selenium.remote.RemoteWebDriver$RemoteWebDriverOptions$RemoteWindow.maximize(RemoteWebDriver.java:1062)
at com.drivermanager.Driver.invokeApp(Driver.java:67)
at java.base/jdk.internal.reflect.NativeMethodAccessorImpl.invoke0(Native Method)
at java.base/jdk.internal.reflect.NativeMethodAccessorImpl.invoke(NativeMethodAccessorImpl.java:77)
at java.base/jdk.internal.reflect.DelegatingMethodAccessorImpl.invoke(DelegatingMethodAccessorImpl.java:43)
at java.base/java.lang.reflect.Method.invoke(Method.java:568)
at org.testng.internal.MethodInvocationHelper.invokeMethod(MethodInvocationHelper.java:133)
at org.testng.internal.MethodInvocationHelper.invokeMethodConsideringTimeout(MethodInvocationHelper.java:62)
at org.testng.internal.ConfigInvoker.invokeConfigurationMethod(ConfigInvoker.java:385)
at org.testng.internal.ConfigInvoker.invokeConfigurations(ConfigInvoker.java:321)
at org.testng.internal.TestInvoker.runConfigMethods(TestInvoker.java:700)
at org.testng.internal.TestInvoker.invokeMethod(TestInvoker.java:527)
at org.testng.internal.TestInvoker.invokeTestMethod(TestInvoker.java:173)
at org.testng.internal.MethodRunner.runInSequence(MethodRunner.java:46)
at org.testng.internal.TestInvoker$MethodInvocationAgent.invoke(TestInvoker.java:824)
at org.testng.internal.TestInvoker.invokeTestMethods(TestInvoker.java:146)
at org.testng.internal.TestMethodWorker.invokeTestMethods(TestMethodWorker.java:146)
at org.testng.internal.TestMethodWorker.run(TestMethodWorker.java:128)
at java.base/java.util.concurrent.ThreadPoolExecutor.runWorker(ThreadPoolExecutor.java:1136)
at java.base/java.util.concurrent.ThreadPoolExecutor$Worker.run(ThreadPoolExecutor.java:635)
at java.base/java.lang.Thread.run(Thread.java:833)
]]>
    </error>
  </testcase> <!-- invokeApp -->
  <system-out/>
  <testcase classname="com.testcases.XphenoSearch" name="xphenoSearch18" time="65.055">
    <skipped/>
  </testcase> <!-- xphenoSearch18 -->
  <system-out/>
  <testcase classname="com.testcases.XphenoSearch" name="xphenoSearch8" time="75.070">
    <skipped/>
  </testcase> <!-- xphenoSearch8 -->
  <system-out/>
  <testcase classname="com.testcases.XphenoSearch" name="xphenoSearch6" time="55.287">
    <skipped/>
  </testcase> <!-- xphenoSearch6 -->
  <system-out/>
  <testcase classname="com.testcases.XphenoSearch" name="xphenoSearch11" time="56.588">
    <skipped/>
  </testcase> <!-- xphenoSearch11 -->
  <system-out/>
  <testcase classname="com.testcases.XphenoSearch" name="xphenoSearch4" time="15.567">
    <skipped/>
  </testcase> <!-- xphenoSearch4 -->
  <system-out/>
  <testcase classname="com.testcases.XphenoSearch" name="xphenoSearch19" time="26.936">
    <skipped/>
  </testcase> <!-- xphenoSearch19 -->
  <system-out/>
  <testcase classname="com.testcases.XphenoSearch" name="xphenoSearch9" time="55.306">
    <skipped/>
  </testcase> <!-- xphenoSearch9 -->
  <system-out/>
  <testcase classname="com.testcases.XphenoSearch" name="xphenoSearch3" time="50.254">
    <skipped/>
  </testcase> <!-- xphenoSearch3 -->
  <system-out/>
  <testcase classname="com.testcases.XphenoSearch" name="xphenoSearch17" time="109.315"/>
  <system-out/>
  <testcase classname="com.testcases.XphenoSearch" name="xphenoSearch2" time="145.743"/>
  <system-out/>
  <testcase classname="com.testcases.XphenoSearch" name="xphenoSearch12" time="22.168">
    <skipped/>
  </testcase> <!-- xphenoSearch12 -->
  <system-out/>
  <testcase classname="com.testcases.XphenoSearch" name="xphenoSearch5" time="136.238"/>
  <system-out/>
  <testcase classname="com.testcases.XphenoSearch" name="xphenoSearch1" time="48.755">
    <skipped/>
  </testcase> <!-- xphenoSearch1 -->
  <system-out/>
  <testcase classname="com.testcases.XphenoSearch" name="xphenoSearch20" time="33.081">
    <skipped/>
  </testcase> <!-- xphenoSearch20 -->
  <system-out/>
  <testcase classname="com.testcases.XphenoSearch" name="xphenoSearch15" time="0.000">
    <skipped/>
  </testcase> <!-- xphenoSearch15 -->
  <system-out/>
  <testcase classname="com.testcases.XphenoSearch" name="xphenoSearch7" time="0.000">
    <skipped/>
  </testcase> <!-- xphenoSearch7 -->
  <system-out/>
</testsuite> <!-- com.testcases.XphenoSearch -->
