<?xml version="1.0" encoding="UTF-8"?>
<!-- Generated by org.testng.reporters.JUnitReportReporter -->
<testsuite hostname="Ranjith-290B2G2" failures="0" tests="20" name="com.testcases.XphenoSearch" time="1638.608" errors="0" timestamp="2024-02-22T15:33:39 IST" skipped="0">
  <testcase classname="com.testcases.XphenoSearch" name="xphenoSearch10" time="87.920"/>
  <system-out/>
  <testcase classname="com.testcases.XphenoSearch" name="xphenoSearch19" time="73.034"/>
  <system-out/>
  <testcase classname="com.testcases.XphenoSearch" name="xphenoSearch2" time="89.717"/>
  <system-out/>
  <testcase classname="com.testcases.XphenoSearch" name="xphenoSearch12" time="80.682"/>
  <system-out/>
  <testcase classname="com.testcases.XphenoSearch" name="xphenoSearch13" time="81.190"/>
  <system-out/>
  <testcase classname="com.testcases.XphenoSearch" name="xphenoSearch15" time="66.254"/>
  <system-out/>
  <testcase classname="com.testcases.XphenoSearch" name="xphenoSearch20" time="78.393"/>
  <system-out/>
  <testcase classname="com.testcases.XphenoSearch" name="xphenoSearch16" time="88.612"/>
  <system-out/>
  <testcase classname="com.testcases.XphenoSearch" name="xphenoSearch8" time="78.305"/>
  <system-out/>
  <testcase classname="com.testcases.XphenoSearch" name="xphenoSearch5" time="91.316"/>
  <system-out/>
  <testcase classname="com.testcases.XphenoSearch" name="xphenoSearch1" time="81.127"/>
  <system-out/>
  <testcase classname="com.testcases.XphenoSearch" name="xphenoSearch14" time="79.881"/>
  <system-out/>
  <testcase classname="com.testcases.XphenoSearch" name="xphenoSearch9" time="91.708"/>
  <system-out/>
  <testcase classname="com.testcases.XphenoSearch" name="xphenoSearch3" time="74.152"/>
  <system-out/>
  <testcase classname="com.testcases.XphenoSearch" name="xphenoSearch18" time="88.343"/>
  <system-out/>
  <testcase classname="com.testcases.XphenoSearch" name="xphenoSearch7" time="87.213"/>
  <system-out/>
  <testcase classname="com.testcases.XphenoSearch" name="xphenoSearch11" time="78.778"/>
  <system-out/>
  <testcase classname="com.testcases.XphenoSearch" name="xphenoSearch6" time="80.542"/>
  <system-out/>
  <testcase classname="com.testcases.XphenoSearch" name="xphenoSearch4" time="78.853"/>
  <system-out/>
  <testcase classname="com.testcases.XphenoSearch" name="xphenoSearch17" time="82.588"/>
  <system-out/>
</testsuite> <!-- com.testcases.XphenoSearch -->
