<?xml version="1.0" encoding="UTF-8"?>
<!-- Generated by org.testng.reporters.JUnitReportReporter -->
<testsuite hostname="Ranjith-290B2G2" failures="0" tests="1" name="com.testcases.XphenoSearch" time="22.176" errors="0" timestamp="2024-02-22T12:14:24 IST" skipped="0">
  <testcase classname="com.testcases.XphenoSearch" name="xphenoSearch1" time="22.176"/>
  <system-out/>
</testsuite> <!-- com.testcases.XphenoSearch -->
